<?xml version="1.0" encoding="UTF-8"?>
<testng-results ignored="0" total="1" passed="1" failed="0" skipped="0">
  <reporter-output>
  </reporter-output>
  <suite started-at="2024-05-03T11:57:04 IST" name="Default suite" finished-at="2024-05-03T11:57:12 IST" duration-ms="8367">
    <groups>
      <group name="cucumber">
        <method signature="AbstractTestNGCucumberTests.runScenario(io.cucumber.testng.PickleWrapper,io.cucumber.testng.FeatureWrapper)[pri:0, instance:Cucumberoption.TestNGRunner@235ecd9f]" name="runScenario" class="io.cucumber.testng.AbstractTestNGCucumberTests"/>
      </group> <!-- cucumber -->
    </groups>
    <test started-at="2024-05-03T11:57:04 IST" name="Default test" finished-at="2024-05-03T11:57:12 IST" duration-ms="8367">
      <class name="Cucumberoption.TestNGRunner">
        <test-method is-config="true" signature="setUpClass(org.testng.ITestContext)[pri:0, instance:Cucumberoption.TestNGRunner@235ecd9f]" started-at="2024-05-03T11:57:04 IST" name="setUpClass" finished-at="2024-05-03T11:57:05 IST" duration-ms="1452" status="PASS">
          <params>
            <param index="0">
              <value>
                <![CDATA[org.testng.TestRunner@b5ac0c1]]>
              </value>
            </param>
          </params>
          <reporter-output>
          </reporter-output>
        </test-method> <!-- setUpClass -->
        <test-method signature="runScenario(io.cucumber.testng.PickleWrapper,io.cucumber.testng.FeatureWrapper)[pri:0, instance:Cucumberoption.TestNGRunner@235ecd9f]" started-at="2024-05-03T11:57:05 IST" name="runScenario" description="Runs Cucumber Scenarios" data-provider="scenarios" finished-at="2024-05-03T11:57:10 IST" duration-ms="4924" status="PASS">
          <params>
            <param index="0">
              <value>
                <![CDATA["open google page"]]>
              </value>
            </param>
            <param index="1">
              <value>
                <![CDATA["Hello world testcases"]]>
              </value>
            </param>
          </params>
          <reporter-output>
          </reporter-output>
        </test-method> <!-- runScenario -->
        <test-method is-config="true" signature="tearDownClass()[pri:0, instance:Cucumberoption.TestNGRunner@235ecd9f]" started-at="2024-05-03T11:57:10 IST" name="tearDownClass" finished-at="2024-05-03T11:57:12 IST" duration-ms="1924" status="PASS">
          <reporter-output>
          </reporter-output>
        </test-method> <!-- tearDownClass -->
      </class> <!-- Cucumberoption.TestNGRunner -->
    </test> <!-- Default test -->
  </suite> <!-- Default suite -->
</testng-results>
